ts
uid
id.orig_h
id.orig_p
id.resp_h
id.resp_p
proto
service
duration
orig_bytes
resp_bytes
conn_state
local_orig
local_resp
missed_bytes
history
orig_pkts
orig_ip_bytes
resp_pkts
resp_ip_bytes
tunnel_parents

(?P<time>^\d{10}\x2e\d{6})\x09
(?P<uid>[a-zA-z0-9]+)\x09
(?P<id_orig_h>\d{1,3}\x2e\d{1,3}\x2e\d{1,3}\x2e\d{1,3})\x09
(?P<id_orig_p>\d{1,5})\x09
(?P<id_resp_h>\d{1,3}\x2e\d{1,3}\x2e\d{1,3}\x2e\d{1,3})\x09
(?P<id_resp_p>\d{1,5})\x09
(?P<proto>[a-z]+)\x09
(?P<service>[a-z]+|-)\x09
(?P<duration>\d+\x2e\d{6}|-)\x09
(?P<orig_bytes>\d+|-)\x09
(?P<resp_bytes>\d+|-)\x09
(?P<conn_state>[A-Z0-9]+)\x09
(?P<local_orig>T|F)\x09
(?P<local_resp>T|F)\x09
(?P<missed_bytes>\d+)\x09
(?P<history>[a-zA-z\x5e]+)\x09
(?P<orig_pkts>\d+)\x09
(?P<orig_ip_bytes>\d+)\x09
(?<resp_pkts>\d+)\x09
(?<resp_ip_bytes>\d+)\x09
(?<tunnel_parents>[a-zA-Z0-9\x28\x29]+)\x09