(?P<time>^\d{10}\x2e\d{6})\x09
(?P<peer>\S+)\x09
(?P<mem>\d+)\x09
(?P<pkts_proc>\d+)\x09
(?P<bytes_recv>\d+)\x09
(?P<pkts_dropped>\d+|-)\x09
(?P<pkts_link>\d+|-)\x09
(?P<pkt_lag>0\.\d+|-)\x09
(?P<events_proc>\d+)\x09
(?P<evnets_queued>\d+)\x09
(?P<active_tcp_conns>\d+)\x09
(?P<active_udp_conns>\d+)\x09
(?P<active_icmp_conns>\d+)\x09
(?P<tcp_conns>\d+)\x09
(?P<udp_conns>\d+)\x09
(?P<icmp_conns>\d+)\x09
(?P<timers>\d+)\x09
(?P<files>\d+)\x09
(?P<active_files>\d+)\x09
(?P<dns_requests>\d+)\x09
(?P<active_dns_requests>\d+)\x09
(?P<reassem_tcp_size>\d+)\x09
(?P<reassem_file_size>\d+)\x09
(?P<reassem_frag_size>\d+)\x09
(?P<reassem_unknown_size>\d+$)