(?P<time>^\d{10}\x2e\d{6})\x09
(?P<uid>\S+)\x09
(?P<id_orig_h>\d{1,3}\x2e\d{1,3}\x2e\d{1,3}\x2e\d{1,3})\x09
(?P<id_orig_p>\d{1,5})\x09
(?P<id_resp_h>\d{1,3}\x2e\d{1,3}\x2e\d{1,3}\x2e\d{1,3})\x09
(?P<id_resp_p>\d{1,5})\x09
(?P<proto>udp|tcp)\x09
(?P<trans_id>\d+)\x09
(?P<rtt>\d\x2e\d{6}|\x2d)\x09
(?P<query>\S+)\x09
(?P<qclass>\d|\x2d)\x09
(?P<qclass_name>[A-Z\x5f]+)\x09
(?P<qtype>\d+)\x09
(?P<qtype_name>[A-Z]+)\x09
(?P<rcode>\d)\x09
(?P<rcode_name>[A-Z]+)\x09
(?P<AA>T|F)\x09
(?P<TC>T|F)\x09
(?P<RD>T|F)\x09
(?P<RA>T|F)\x09
(?P<Z>\d)\x09
(?P<answers>\S+)\x09
(?P<TTLs>[0-9\x2c\x2e]+|\x2d)\x09
(?P<rejected>T|F)$