ts
uid
id.orig_h
id.orig_p
id.resp_h
id.resp_p
username
mac
framed_addr
remote_ip
connect_info
reply_msg
result
ttl


(?P<time>^\d{10}\x2e\d{6})\x09
(?P<uid>[a-zA-z0-9]+)\x09
(?P<id_orig_h>\d{1,3}\x2e\d{1,3}\x2e\d{1,3}\x2e\d{1,3})\x09
(?P<id_orig_p>\d{1,5})\x09
(?P<id_resp_h>\d{1,3}\x2e\d{1,3}\x2e\d{1,3}\x2e\d{1,3})\x09
(?P<id_resp_p>\d{1,5})\x09
(?P<username>\S+)\x09
(?P<mac>[a-zA-z0-9]{2}\x3a[a-zA-z0-9]{2}\x3a[a-zA-z0-9]{2}\x3a[a-zA-z0-9]{2}\x3a[a-zA-z0-9]{2}\x3a[a-zA-z0-9]{2}|\x2d)\x09
(?P<framed_addr>\d{1,3}\x2e\d{1,3}\x2e\d{1,3}\x2e\d{1,3}|\x2d)\x09
(?P<remote_ip>\d{1,3}\x2e\d{1,3}\x2e\d{1,3}\x2e\d{1,3}|\x2d)\x09
(?P<connect_info>\S+)\x09
(?P<reply_msg>\S+)\x09
(?P<result>failed|success)\x09
(?P<ttl>\d\x2e\d{6}$)
