 ts
 uid
 id.orig_h
 id.orig_p
 id.resp_h
 id.resp_p
 fuid
 file_mime_type
 file_desc
 proto
 note
 msg
 sub
 src
 dst
 p
 n
 peer_descr
 actions
 suppress_for
 dropped
 remote_location.country_code
 remote_location.region
 remote_location.city
 remote_location.latitude
 remote_location.longitude
 
 
 
(?P<time>^\d{10}\x2e\d{6})\x09
(?P<uid>[a-zA-z0-9]+)\x09
(?P<id_orig_h>\d{1,3}\x2e\d{1,3}\x2e\d{1,3}\x2e\d{1,3})\x09
(?P<id_orig_p>\d{1,5})\x09
(?P<id_resp_h>\d{1,3}\x2e\d{1,3}\x2e\d{1,3}\x2e\d{1,3})\x09
(?P<id_resp_p>\d{1,5})\x09
(?P<fuid>[a-zA-z0-9\x2d]+)\x09
(?P<file_mime_type>\S+)\x09
(?P<file_desc>\S+)\x09
(?P<proto>[a-z\x2d]+)\x09
(?P<note>[a-zA-Z\x5f\x3a]+)\x09
(?P<msg>[\S\x20]+)\x09
(?P<sub>[\S\x20]+)\x09
(?P<src>\d{1,3}\x2e\d{1,3}\x2e\d{1,3}\x2e\d{1,3})\x09
(?P<dst>\d{1,3}\x2e\d{1,3}\x2e\d{1,3}\x2e\d{1,3})\x09
(?P<port>\d{1,5})\x09
(?P<n>\d\x2d)\x09
(?P<peer_descr>[a-z0-9\x2d]+)\x09
(?P<actions>[a-zA-Z\x3a\x5f]+)\x09
(?P<suppress_for>\d+\x2e\d{6})\x09
(?P<dropped>[TF])\x09
(?P<remote_location_country_code>\S+)\x09
(?P<remote_location_region>\S+)\x09
(?P<remote_location_city>\S+)\x09
(?P<remote_location_latitude>[0-9\x2e\x2d])\x09
(?P<remote_location_longitude>[0-9\x2e\x2d]$)
