(?P<time>^\d{10}\x2e\d{6})\x09
(?P<fuid>[a-zA-Z0-9]+)\x09
(?P<tx_host>[0-9]+\x2e[0-9]+\x2e[0-9]+\x2e[0-9]+)\x09
(?P<rx_host>[0-9]+\x2e[0-9]+\x2e[0-9]+\x2e[0-9]+)\x09
(?P<conn_uids>[a-zA-Z0-9]+)\x09
(?P<source>[a-zA-Z0-9]+)\x09
(?P<depth>[0-9]+)\x09
(?<analyzers>[A-Z0-9,]+)\x09
(?P<mime_type>\S+)\x09
(?P<filename>\S+)\x09
(?P<duration>\d+\x2e\d{6})\x09
(?P<local_orig>T|F|-)\x09
(?P<is_orig>T|F|-)\x09
(?P<seen_bytes>\d+)\x09
(?P<total_bytes>\d+|-)\x09
(?P<missing_bytes>\d+)\x09
(?P<overflow_bytes>\d+)\x09
(?P<timedout>T|F|-)\x09
(?P<parent_fuid>\S+)\x09
(?P<md5>\S+)\x09
(?P<sha1>\S+)\x09
(?P<sha256>\S+)\x09
(?P<extracted>\S+)\x09
(?P<extracted_cutoff>T|F|-)\x09
(?P<extracted_size>\d+|-$)