ts
uid
id.orig_h
id.orig_p
id.resp_h
id.resp_p
trans_depth
method
host
uri
referrer
version
user_agent
request_body_len
response_body_len
status_code
status_msg
info_code
info_msg
tags
username
password
proxied
orig_fuids
orig_filenames
orig_mime_types
resp_fuids
resp_filenames
resp_mime_types

(?P<time>^\d{10}\x2e\d{6})\x09
(?P<uid>[a-zA-z0-9]+)\x09
(?P<id_orig_h>\d{1,3}\x2e\d{1,3}\x2e\d{1,3}\x2e\d{1,3})\x09
(?P<id_orig_p>\d{1,5})\x09
(?P<id_resp_h>\d{1,3}\x2e\d{1,3}\x2e\d{1,3}\x2e\d{1,3})\x09
(?P<id_resp_p>\d{1,5})\x09
(?P<trans_depth>\d+)\x09
(?P<method>[A-Z]+)\x09
(?P<host>\S+)\x09
(?P<uri>\S+)\x09
(?P<referrer>\S+)\x09
(?P<version>\d\x2e\d|\x2d)\x09
(?P<user_agent>\S+)\x09
(?P<request_body_len>[0-9]+)\x09
(?P<response_body_len>[0-9]+)\x09
(?P<status_code>[0-9]{3})\x09
(?P<status_msg>[\S\x20]+)\x09
(?P<info_code>\d+|)\x09
(?P<info_msg>[a-zA-z0-9]|\x2d)\x09
(?P<tags>\S+)\x09
(?P<username>\S+)\x09
(?P<password>\S+)\x09
(?P<proxied>\S+)\x09
(?P<orig_fuids>[A-Za-z0-9]+|-)\x09
(?P<orig_filenames>\S+)\x09
(?P<orig_mime_types>\S+)\x09
(?P<resp_fuids>[a-zA-z0-9\x2d]+)\x09
(?P<resp_filenames>\S+)\x09
(?P<resp_mime_types>\S+$)