(?P<time>^\d{10}\x2e\d{6})\x09
(?P<uid>[a-zA-Z0-9]+)\x09
(?P<id_orig_h>\d+\x2e\d+\x2e\d+\x2e\d+)\x09
(?P<id_orig_p>\d+)\x09
(?P<id_resp_h>\d+\x2e\d+\x2e\d+\x2e\d+)\x09
(?P<id_resp_p>\d+)\x09
(?P<cookie>\S+)\x09
(?P<result>-|encrypted|SSL_NOT_ALLOWED_BY_SERVER|Success)\x09
(?P<security_protocol>-|HYBRID|HYBRID_EX|RDP|SSL)\x09
(?P<keyboard_layout>\S+)\x09
(?P<client_build>\S+)\x09
(?P<client_name>\S+)\x09
(?P<client_dig_product_id>[0-9a-z]{8}-[0-9a-z]{4}-[0-9a-z]{4}-[a-z0-9]{4}-[a-z0-9]{7}|-)\x09
(?P<desktop_width>\d{1,5}|-)\x09
(?P<desktop_height>\d{1,5}|-)\x09
(?P<requested_color_depth>\d\dbit|-)\x09
(?P<cert_type>.{1,4}|-)\x09
(?P<cert_count>\d|-)\x09
(?P<cert_permanent>T|F|-)\x09
(?P<encryption_level>\S+)\x09
(?P<encryption_method>\d{2,3}bit|-$)