(?P<time>^\d{10}\x2e\d{6})\x09
(?P<uid>[a-zA-Z0-9]+)\x09
(?P<id_orig_h>\d+\x2e\d+\x2e\d+\x2e\d+)\x09
(?P<id_orig_p>\d+)\x09
(?P<id_resp_h>\d+\x2e\d+\x2e\d+\x2e\d+)\x09
(?P<id_resp_p>\d+)\x09
(?P<request_type>AS|TGT)\x09
(?P<client>\S+)\x09
(?P<service>\S+)\x09
(?P<success>T|F|-)\x09
(?P<error_msg>[A-Z_]+)\x09
(?P<from>\d{10}\x2e\d{6}|-)\x09
(?P<till>\d{10}\x2e\d{6}|-)\x09
(?P<cipher>[a-z0-9-]+|-)\x09
(?P<forwardable>T|F)\x09
(?P<renewable>T|F)\x09
(?P<client_cert_subject>T|F|-)\x09
(?P<client_cert_fuid>-|\S+)\x09
(?P<server_cert_subject>-|\S+)\x09
(?P<server_cert_fuid>-|\S+$)